{"level":"info","message":"Connected to MongoDB","timestamp":"2025-06-04T19:59:34.602Z"}
{"level":"info","message":"Connected to Redis","timestamp":"2025-06-04T19:59:34.607Z"}
{"level":"info","message":"Server is running on port 3000","timestamp":"2025-06-04T19:59:34.613Z"}
{"level":"info","message":"Connected to MongoDB","timestamp":"2025-06-04T20:05:16.513Z"}
{"level":"info","message":"Connected to Redis","timestamp":"2025-06-04T20:05:16.518Z"}
{"level":"info","message":"Server is running on port 3000","timestamp":"2025-06-04T20:05:16.525Z"}
{"level":"info","message":"Connected to MongoDB","timestamp":"2025-06-04T20:06:50.497Z"}
{"level":"info","message":"Connected to Redis","timestamp":"2025-06-04T20:06:50.502Z"}
{"level":"info","message":"Server is running on port 3000","timestamp":"2025-06-04T20:06:50.507Z"}
{"level":"error","message":"TypeError: redisHelper.incr is not a function\n    at E:\\REACT VITE APPS\\mathongo-backend\\src\\middleware\\rateLimiter.middleware.js:27:39\n    at Layer.handle [as handle_request] (E:\\REACT VITE APPS\\mathongo-backend\\node_modules\\express\\lib\\router\\layer.js:95:5)\n    at next (E:\\REACT VITE APPS\\mathongo-backend\\node_modules\\express\\lib\\router\\route.js:149:13)\n    at Route.dispatch (E:\\REACT VITE APPS\\mathongo-backend\\node_modules\\express\\lib\\router\\route.js:119:3)\n    at Layer.handle [as handle_request] (E:\\REACT VITE APPS\\mathongo-backend\\node_modules\\express\\lib\\router\\layer.js:95:5)\n    at E:\\REACT VITE APPS\\mathongo-backend\\node_modules\\express\\lib\\router\\index.js:284:15\n    at Function.process_params (E:\\REACT VITE APPS\\mathongo-backend\\node_modules\\express\\lib\\router\\index.js:346:12)\n    at next (E:\\REACT VITE APPS\\mathongo-backend\\node_modules\\express\\lib\\router\\index.js:280:10)\n    at Function.handle (E:\\REACT VITE APPS\\mathongo-backend\\node_modules\\express\\lib\\router\\index.js:175:3)\n    at router (E:\\REACT VITE APPS\\mathongo-backend\\node_modules\\express\\lib\\router\\index.js:47:12)","timestamp":"2025-06-04T20:07:22.883Z"}
{"level":"error","message":"TypeError: redisHelper.incr is not a function\n    at E:\\REACT VITE APPS\\mathongo-backend\\src\\middleware\\rateLimiter.middleware.js:27:39\n    at Layer.handle [as handle_request] (E:\\REACT VITE APPS\\mathongo-backend\\node_modules\\express\\lib\\router\\layer.js:95:5)\n    at next (E:\\REACT VITE APPS\\mathongo-backend\\node_modules\\express\\lib\\router\\route.js:149:13)\n    at Route.dispatch (E:\\REACT VITE APPS\\mathongo-backend\\node_modules\\express\\lib\\router\\route.js:119:3)\n    at Layer.handle [as handle_request] (E:\\REACT VITE APPS\\mathongo-backend\\node_modules\\express\\lib\\router\\layer.js:95:5)\n    at E:\\REACT VITE APPS\\mathongo-backend\\node_modules\\express\\lib\\router\\index.js:284:15\n    at Function.process_params (E:\\REACT VITE APPS\\mathongo-backend\\node_modules\\express\\lib\\router\\index.js:346:12)\n    at next (E:\\REACT VITE APPS\\mathongo-backend\\node_modules\\express\\lib\\router\\index.js:280:10)\n    at Function.handle (E:\\REACT VITE APPS\\mathongo-backend\\node_modules\\express\\lib\\router\\index.js:175:3)\n    at router (E:\\REACT VITE APPS\\mathongo-backend\\node_modules\\express\\lib\\router\\index.js:47:12)","timestamp":"2025-06-04T20:07:22.908Z"}
{"level":"error","message":"TypeError: redisHelper.incr is not a function\n    at E:\\REACT VITE APPS\\mathongo-backend\\src\\middleware\\rateLimiter.middleware.js:27:39\n    at Layer.handle [as handle_request] (E:\\REACT VITE APPS\\mathongo-backend\\node_modules\\express\\lib\\router\\layer.js:95:5)\n    at next (E:\\REACT VITE APPS\\mathongo-backend\\node_modules\\express\\lib\\router\\route.js:149:13)\n    at Route.dispatch (E:\\REACT VITE APPS\\mathongo-backend\\node_modules\\express\\lib\\router\\route.js:119:3)\n    at Layer.handle [as handle_request] (E:\\REACT VITE APPS\\mathongo-backend\\node_modules\\express\\lib\\router\\layer.js:95:5)\n    at E:\\REACT VITE APPS\\mathongo-backend\\node_modules\\express\\lib\\router\\index.js:284:15\n    at Function.process_params (E:\\REACT VITE APPS\\mathongo-backend\\node_modules\\express\\lib\\router\\index.js:346:12)\n    at next (E:\\REACT VITE APPS\\mathongo-backend\\node_modules\\express\\lib\\router\\index.js:280:10)\n    at Function.handle (E:\\REACT VITE APPS\\mathongo-backend\\node_modules\\express\\lib\\router\\index.js:175:3)\n    at router (E:\\REACT VITE APPS\\mathongo-backend\\node_modules\\express\\lib\\router\\index.js:47:12)","timestamp":"2025-06-04T20:07:31.638Z"}
{"level":"error","message":"TypeError: redisHelper.incr is not a function\n    at E:\\REACT VITE APPS\\mathongo-backend\\src\\middleware\\rateLimiter.middleware.js:27:39\n    at Layer.handle [as handle_request] (E:\\REACT VITE APPS\\mathongo-backend\\node_modules\\express\\lib\\router\\layer.js:95:5)\n    at next (E:\\REACT VITE APPS\\mathongo-backend\\node_modules\\express\\lib\\router\\route.js:149:13)\n    at Route.dispatch (E:\\REACT VITE APPS\\mathongo-backend\\node_modules\\express\\lib\\router\\route.js:119:3)\n    at Layer.handle [as handle_request] (E:\\REACT VITE APPS\\mathongo-backend\\node_modules\\express\\lib\\router\\layer.js:95:5)\n    at E:\\REACT VITE APPS\\mathongo-backend\\node_modules\\express\\lib\\router\\index.js:284:15\n    at Function.process_params (E:\\REACT VITE APPS\\mathongo-backend\\node_modules\\express\\lib\\router\\index.js:346:12)\n    at next (E:\\REACT VITE APPS\\mathongo-backend\\node_modules\\express\\lib\\router\\index.js:280:10)\n    at Function.handle (E:\\REACT VITE APPS\\mathongo-backend\\node_modules\\express\\lib\\router\\index.js:175:3)\n    at router (E:\\REACT VITE APPS\\mathongo-backend\\node_modules\\express\\lib\\router\\index.js:47:12)","timestamp":"2025-06-04T20:07:31.660Z"}
{"level":"error","message":"TypeError: redisHelper.incr is not a function\n    at E:\\REACT VITE APPS\\mathongo-backend\\src\\middleware\\rateLimiter.middleware.js:27:39\n    at Layer.handle [as handle_request] (E:\\REACT VITE APPS\\mathongo-backend\\node_modules\\express\\lib\\router\\layer.js:95:5)\n    at next (E:\\REACT VITE APPS\\mathongo-backend\\node_modules\\express\\lib\\router\\route.js:149:13)\n    at Route.dispatch (E:\\REACT VITE APPS\\mathongo-backend\\node_modules\\express\\lib\\router\\route.js:119:3)\n    at Layer.handle [as handle_request] (E:\\REACT VITE APPS\\mathongo-backend\\node_modules\\express\\lib\\router\\layer.js:95:5)\n    at E:\\REACT VITE APPS\\mathongo-backend\\node_modules\\express\\lib\\router\\index.js:284:15\n    at Function.process_params (E:\\REACT VITE APPS\\mathongo-backend\\node_modules\\express\\lib\\router\\index.js:346:12)\n    at next (E:\\REACT VITE APPS\\mathongo-backend\\node_modules\\express\\lib\\router\\index.js:280:10)\n    at Function.handle (E:\\REACT VITE APPS\\mathongo-backend\\node_modules\\express\\lib\\router\\index.js:175:3)\n    at router (E:\\REACT VITE APPS\\mathongo-backend\\node_modules\\express\\lib\\router\\index.js:47:12)","timestamp":"2025-06-04T20:10:04.335Z"}
{"level":"error","message":"TypeError: redisHelper.incr is not a function\n    at E:\\REACT VITE APPS\\mathongo-backend\\src\\middleware\\rateLimiter.middleware.js:27:39\n    at Layer.handle [as handle_request] (E:\\REACT VITE APPS\\mathongo-backend\\node_modules\\express\\lib\\router\\layer.js:95:5)\n    at next (E:\\REACT VITE APPS\\mathongo-backend\\node_modules\\express\\lib\\router\\route.js:149:13)\n    at Route.dispatch (E:\\REACT VITE APPS\\mathongo-backend\\node_modules\\express\\lib\\router\\route.js:119:3)\n    at Layer.handle [as handle_request] (E:\\REACT VITE APPS\\mathongo-backend\\node_modules\\express\\lib\\router\\layer.js:95:5)\n    at E:\\REACT VITE APPS\\mathongo-backend\\node_modules\\express\\lib\\router\\index.js:284:15\n    at Function.process_params (E:\\REACT VITE APPS\\mathongo-backend\\node_modules\\express\\lib\\router\\index.js:346:12)\n    at next (E:\\REACT VITE APPS\\mathongo-backend\\node_modules\\express\\lib\\router\\index.js:280:10)\n    at Function.handle (E:\\REACT VITE APPS\\mathongo-backend\\node_modules\\express\\lib\\router\\index.js:175:3)\n    at router (E:\\REACT VITE APPS\\mathongo-backend\\node_modules\\express\\lib\\router\\index.js:47:12)","timestamp":"2025-06-04T20:10:04.390Z"}
{"level":"info","message":"Connected to MongoDB","timestamp":"2025-06-04T20:11:25.618Z"}
{"level":"info","message":"Connected to Redis","timestamp":"2025-06-04T20:11:25.633Z"}
{"level":"info","message":"Server is running on port 3000","timestamp":"2025-06-04T20:11:25.677Z"}
{"level":"info","message":"Connected to MongoDB","timestamp":"2025-06-04T20:14:30.711Z"}
{"level":"info","message":"Connected to Redis","timestamp":"2025-06-04T20:14:30.723Z"}
{"level":"info","message":"Server is running on port 3000","timestamp":"2025-06-04T20:14:30.744Z"}
{"level":"info","message":"Connected to MongoDB","timestamp":"2025-06-04T20:15:51.965Z"}
{"level":"info","message":"Connected to Redis","timestamp":"2025-06-04T20:15:51.985Z"}
{"level":"info","message":"Server is running on port 3000","timestamp":"2025-06-04T20:15:52.025Z"}
{"level":"info","message":"Connected to MongoDB","timestamp":"2025-06-04T20:21:21.813Z"}
{"level":"info","message":"Connected to Redis","timestamp":"2025-06-04T20:21:22.938Z"}
{"level":"info","message":"Server is running on port 3000","timestamp":"2025-06-04T20:21:22.953Z"}
{"level":"info","message":"Connected to MongoDB","timestamp":"2025-06-04T20:26:18.573Z"}
{"level":"info","message":"Connected to Redis","timestamp":"2025-06-04T20:26:20.310Z"}
{"level":"info","message":"Server is running on port 3000","timestamp":"2025-06-04T20:26:20.318Z"}
{"level":"info","message":"Connected to MongoDB","timestamp":"2025-06-05T05:19:03.574Z"}
{"level":"info","message":"Connected to Redis","timestamp":"2025-06-05T05:19:04.666Z"}
{"level":"info","message":"Server is running on port 3000","timestamp":"2025-06-05T05:19:04.674Z"}
{"level":"error","message":"CastError: Cast to ObjectId failed for value \"chapter_id_here\" (type string) at path \"_id\" for model \"Chapter\"\n    at SchemaObjectId.cast (E:\\REACT VITE APPS\\mathongo-backend\\node_modules\\mongoose\\lib\\schema\\objectId.js:251:11)\n    at SchemaType.applySetters (E:\\REACT VITE APPS\\mathongo-backend\\node_modules\\mongoose\\lib\\schemaType.js:1255:12)\n    at SchemaType.castForQuery (E:\\REACT VITE APPS\\mathongo-backend\\node_modules\\mongoose\\lib\\schemaType.js:1673:17)\n    at cast (E:\\REACT VITE APPS\\mathongo-backend\\node_modules\\mongoose\\lib\\cast.js:390:32)\n    at Query.cast (E:\\REACT VITE APPS\\mathongo-backend\\node_modules\\mongoose\\lib\\query.js:5055:12)\n    at Query._castConditions (E:\\REACT VITE APPS\\mathongo-backend\\node_modules\\mongoose\\lib\\query.js:2351:10)\n    at model.Query._findOne (E:\\REACT VITE APPS\\mathongo-backend\\node_modules\\mongoose\\lib\\query.js:2674:8)\n    at model.Query.exec (E:\\REACT VITE APPS\\mathongo-backend\\node_modules\\mongoose\\lib\\query.js:4604:80)\n    at process.processTicksAndRejections (node:internal/process/task_queues:95:5)\n    at async exports.getChapterById (E:\\REACT VITE APPS\\mathongo-backend\\src\\controllers\\chapter.controller.js:44:21)","timestamp":"2025-06-05T05:20:00.463Z"}
{"level":"error","message":"SyntaxError: Unexpected token ''', \"'{\" is not valid JSON\n    at JSON.parse (<anonymous>)\n    at createStrictSyntaxError (E:\\REACT VITE APPS\\mathongo-backend\\node_modules\\body-parser\\lib\\types\\json.js:169:10)\n    at parse (E:\\REACT VITE APPS\\mathongo-backend\\node_modules\\body-parser\\lib\\types\\json.js:86:15)\n    at E:\\REACT VITE APPS\\mathongo-backend\\node_modules\\body-parser\\lib\\read.js:128:18\n    at AsyncResource.runInAsyncScope (node:async_hooks:206:9)\n    at invokeCallback (E:\\REACT VITE APPS\\mathongo-backend\\node_modules\\raw-body\\index.js:238:16)\n    at done (E:\\REACT VITE APPS\\mathongo-backend\\node_modules\\raw-body\\index.js:227:7)\n    at IncomingMessage.onEnd (E:\\REACT VITE APPS\\mathongo-backend\\node_modules\\raw-body\\index.js:287:7)\n    at IncomingMessage.emit (node:events:519:28)\n    at endReadableNT (node:internal/streams/readable:1696:12)","timestamp":"2025-06-05T05:34:00.898Z"}
{"level":"error","message":"SyntaxError: Unexpected token ''', \"'{\" is not valid JSON\n    at JSON.parse (<anonymous>)\n    at createStrictSyntaxError (E:\\REACT VITE APPS\\mathongo-backend\\node_modules\\body-parser\\lib\\types\\json.js:169:10)\n    at parse (E:\\REACT VITE APPS\\mathongo-backend\\node_modules\\body-parser\\lib\\types\\json.js:86:15)\n    at E:\\REACT VITE APPS\\mathongo-backend\\node_modules\\body-parser\\lib\\read.js:128:18\n    at AsyncResource.runInAsyncScope (node:async_hooks:206:9)\n    at invokeCallback (E:\\REACT VITE APPS\\mathongo-backend\\node_modules\\raw-body\\index.js:238:16)\n    at done (E:\\REACT VITE APPS\\mathongo-backend\\node_modules\\raw-body\\index.js:227:7)\n    at IncomingMessage.onEnd (E:\\REACT VITE APPS\\mathongo-backend\\node_modules\\raw-body\\index.js:287:7)\n    at IncomingMessage.emit (node:events:519:28)\n    at endReadableNT (node:internal/streams/readable:1696:12)","timestamp":"2025-06-05T05:34:10.058Z"}
{"level":"info","message":"Connected to MongoDB","timestamp":"2025-06-05T05:41:25.821Z"}
{"level":"info","message":"Connected to Redis","timestamp":"2025-06-05T05:41:26.710Z"}
{"level":"info","message":"Server is running on port 3000","timestamp":"2025-06-05T05:41:26.719Z"}
{"level":"info","message":"Connected to MongoDB","timestamp":"2025-06-05T05:45:08.046Z"}
{"level":"info","message":"Connected to Redis","timestamp":"2025-06-05T05:45:09.223Z"}
{"level":"info","message":"Server is running on port 3000","timestamp":"2025-06-05T05:45:09.230Z"}
{"level":"info","message":"Connected to MongoDB","timestamp":"2025-06-05T05:48:18.619Z"}
{"level":"info","message":"Connected to Redis","timestamp":"2025-06-05T05:48:19.976Z"}
{"level":"info","message":"Server is running on port 3000","timestamp":"2025-06-05T05:48:19.979Z"}
{"level":"info","message":"Connected to MongoDB","timestamp":"2025-06-05T05:53:13.839Z"}
{"level":"info","message":"Connected to Redis","timestamp":"2025-06-05T05:53:14.813Z"}
{"level":"info","message":"Server is running on port 3000","timestamp":"2025-06-05T05:53:14.816Z"}
